TN:
SF:enigma.js
FN:4,mod
FN:15,plugboardSwap
FN:24,(anonymous_2)
FN:30,(anonymous_3)
FN:33,(anonymous_4)
FN:36,(anonymous_5)
FN:40,(anonymous_6)
FN:47,(anonymous_7)
FN:49,(anonymous_8)
FN:59,(anonymous_9)
FN:78,(anonymous_10)
FN:103,(anonymous_11)
FN:107,(anonymous_12)
FN:112,promptEnigma
FN:117,(anonymous_14)
FN:118,(anonymous_15)
FN:120,(anonymous_16)
FN:122,(anonymous_17)
FN:127,(anonymous_18)
FNF:19
FNH:13
FNDA:829,mod
FNDA:240,plugboardSwap
FNDA:70,(anonymous_2)
FNDA:125,(anonymous_3)
FNDA:236,(anonymous_4)
FNDA:352,(anonymous_5)
FNDA:352,(anonymous_6)
FNDA:22,(anonymous_7)
FNDA:66,(anonymous_8)
FNDA:117,(anonymous_9)
FNDA:126,(anonymous_10)
FNDA:16,(anonymous_11)
FNDA:95,(anonymous_12)
FNDA:0,promptEnigma
FNDA:0,(anonymous_14)
FNDA:0,(anonymous_15)
FNDA:0,(anonymous_16)
FNDA:0,(anonymous_17)
FNDA:0,(anonymous_18)
DA:1,1
DA:3,1
DA:5,829
DA:8,1
DA:13,1
DA:16,240
DA:17,210
DA:18,196
DA:20,212
DA:25,70
DA:26,70
DA:27,70
DA:28,70
DA:31,125
DA:34,236
DA:37,352
DA:38,352
DA:41,352
DA:42,352
DA:48,22
DA:50,66
DA:57,22
DA:62,117
DA:63,117
DA:66,117
DA:67,1
DA:71,117
DA:72,5
DA:76,117
DA:79,126
DA:80,117
DA:83,117
DA:86,117
DA:87,351
DA:91,117
DA:94,117
DA:95,351
DA:99,117
DA:101,117
DA:104,16
DA:107,95
DA:113,0
DA:117,0
DA:118,0
DA:119,0
DA:120,0
DA:121,0
DA:122,0
DA:124,0
DA:127,0
DA:129,0
DA:135,0
DA:136,0
DA:137,0
DA:145,1
DA:147,1
DA:148,0
LF:57
LH:43
BRDA:17,0,0,14
BRDA:17,0,1,196
BRDA:18,1,0,14
BRDA:18,1,1,182
BRDA:24,2,0,0
BRDA:24,3,0,0
BRDA:66,4,0,1
BRDA:66,4,1,116
BRDA:71,5,0,5
BRDA:71,5,1,112
BRDA:71,6,0,117
BRDA:71,6,1,113
BRDA:79,7,0,9
BRDA:79,7,1,117
BRDA:124,8,0,0
BRDA:124,8,1,0
BRDA:147,9,0,0
BRDA:147,9,1,1
BRF:18
BRH:13
end_of_record
