<?xml version="1.0" encoding="UTF-8"?>
<coverage generated="1749634754560" clover="3.2.0">
  <project timestamp="1749634754560" name="All files">
    <metrics statements="132" coveredstatements="73" conditionals="74" coveredconditionals="39" methods="24" coveredmethods="15" elements="230" coveredelements="127" complexity="0" loc="132" ncloc="132" packages="1" files="1" classes="1"/>
    <file name="seabattle.js" path="/Users/kamoliddinnabijonov/Desktop/edu-ai-challenge-2025/7/seabattle.js">
      <metrics statements="132" coveredstatements="73" conditionals="74" coveredconditionals="39" methods="24" coveredmethods="15"/>
      <line num="2" count="1" type="stmt"/>
      <line num="3" count="1" type="stmt"/>
      <line num="4" count="1" type="stmt"/>
      <line num="8" count="9" type="stmt"/>
      <line num="9" count="9" type="stmt"/>
      <line num="13" count="14" type="stmt"/>
      <line num="19" count="250" type="stmt"/>
      <line num="23" count="11" type="stmt"/>
      <line num="24" count="11" type="stmt"/>
      <line num="25" count="31" type="stmt"/>
      <line num="29" count="31" type="cond" truecount="2" falsecount="0"/>
      <line num="30" count="30" type="cond" truecount="2" falsecount="0"/>
      <line num="31" count="29" type="stmt"/>
      <line num="34" count="9" type="stmt"/>
      <line num="35" count="27" type="stmt"/>
      <line num="36" count="27" type="stmt"/>
      <line num="39" count="9" type="stmt"/>
      <line num="43" count="40" type="cond" truecount="4" falsecount="0"/>
      <line num="47" count="5" type="stmt"/>
      <line num="51" count="3" type="stmt"/>
      <line num="57" count="18" type="stmt"/>
      <line num="58" count="18" type="stmt"/>
      <line num="59" count="18" type="stmt"/>
      <line num="60" count="18" type="stmt"/>
      <line num="61" count="18" type="stmt"/>
      <line num="62" count="18" type="stmt"/>
      <line num="63" count="18" type="stmt"/>
      <line num="67" count="1" type="stmt"/>
      <line num="68" count="1" type="stmt"/>
      <line num="69" count="3" type="stmt"/>
      <line num="70" count="3" type="cond" truecount="2" falsecount="0"/>
      <line num="71" count="3" type="cond" truecount="2" falsecount="0"/>
      <line num="73" count="3" type="stmt"/>
      <line num="74" count="3" type="stmt"/>
      <line num="76" count="3" type="stmt"/>
      <line num="77" count="3" type="cond" truecount="1" falsecount="1"/>
      <line num="78" count="3" type="stmt"/>
      <line num="79" count="3" type="stmt"/>
      <line num="85" count="7" type="stmt"/>
      <line num="86" count="7" type="cond" truecount="2" falsecount="0"/>
      <line num="88" count="6" type="stmt"/>
      <line num="90" count="6" type="stmt"/>
      <line num="91" count="5" type="stmt"/>
      <line num="92" count="5" type="cond" truecount="2" falsecount="0"/>
      <line num="93" count="4" type="stmt"/>
      <line num="94" count="4" type="stmt"/>
      <line num="96" count="4" type="cond" truecount="2" falsecount="0"/>
      <line num="97" count="1" type="stmt"/>
      <line num="98" count="1" type="stmt"/>
      <line num="100" count="3" type="stmt"/>
      <line num="104" count="2" type="stmt"/>
      <line num="105" count="2" type="stmt"/>
      <line num="109" count="1" type="cond" truecount="1" falsecount="1"/>
      <line num="113" count="1" type="stmt"/>
      <line num="114" count="1" type="cond" truecount="2" falsecount="2"/>
      <line num="115" count="0" type="stmt"/>
      <line num="116" count="0" type="stmt"/>
      <line num="118" count="1" type="stmt"/>
      <line num="119" count="1" type="stmt"/>
      <line num="120" count="1" type="stmt"/>
      <line num="124" count="1" type="stmt"/>
      <line num="128" count="2" type="cond" truecount="1" falsecount="1"/>
      <line num="130" count="2" type="cond" truecount="2" falsecount="0"/>
      <line num="131" count="1" type="stmt"/>
      <line num="132" count="1" type="stmt"/>
      <line num="139" count="1" type="stmt"/>
      <line num="140" count="4" type="cond" truecount="1" falsecount="1"/>
      <line num="141" count="4" type="stmt"/>
      <line num="142" count="4" type="cond" truecount="3" falsecount="1"/>
      <line num="143" count="4" type="stmt"/>
      <line num="147" count="1" type="cond" truecount="1" falsecount="1"/>
      <line num="148" count="1" type="stmt"/>
      <line num="155" count="0" type="stmt"/>
      <line num="156" count="0" type="stmt"/>
      <line num="157" count="0" type="stmt"/>
      <line num="164" count="0" type="stmt"/>
      <line num="165" count="0" type="stmt"/>
      <line num="166" count="0" type="stmt"/>
      <line num="167" count="0" type="stmt"/>
      <line num="168" count="0" type="stmt"/>
      <line num="172" count="0" type="stmt"/>
      <line num="173" count="0" type="stmt"/>
      <line num="174" count="0" type="stmt"/>
      <line num="176" count="0" type="stmt"/>
      <line num="177" count="0" type="cond" truecount="0" falsecount="2"/>
      <line num="178" count="0" type="stmt"/>
      <line num="179" count="0" type="stmt"/>
      <line num="181" count="0" type="stmt"/>
      <line num="185" count="0" type="stmt"/>
      <line num="186" count="0" type="stmt"/>
      <line num="187" count="0" type="cond" truecount="0" falsecount="4"/>
      <line num="188" count="0" type="stmt"/>
      <line num="189" count="0" type="stmt"/>
      <line num="190" count="0" type="stmt"/>
      <line num="193" count="0" type="stmt"/>
      <line num="194" count="0" type="cond" truecount="0" falsecount="2"/>
      <line num="195" count="0" type="stmt"/>
      <line num="196" count="0" type="stmt"/>
      <line num="197" count="0" type="stmt"/>
      <line num="200" count="0" type="stmt"/>
      <line num="206" count="0" type="stmt"/>
      <line num="207" count="0" type="stmt"/>
      <line num="210" count="0" type="stmt"/>
      <line num="211" count="0" type="cond" truecount="0" falsecount="2"/>
      <line num="213" count="0" type="stmt"/>
      <line num="214" count="0" type="cond" truecount="0" falsecount="2"/>
      <line num="215" count="0" type="stmt"/>
      <line num="216" count="0" type="stmt"/>
      <line num="219" count="0" type="cond" truecount="0" falsecount="2"/>
      <line num="220" count="0" type="cond" truecount="0" falsecount="2"/>
      <line num="221" count="0" type="stmt"/>
      <line num="222" count="0" type="cond" truecount="0" falsecount="2"/>
      <line num="223" count="0" type="stmt"/>
      <line num="224" count="0" type="stmt"/>
      <line num="225" count="0" type="stmt"/>
      <line num="230" count="0" type="stmt"/>
      <line num="231" count="0" type="stmt"/>
      <line num="233" count="0" type="stmt"/>
      <line num="234" count="0" type="cond" truecount="0" falsecount="2"/>
      <line num="236" count="0" type="stmt"/>
      <line num="238" count="0" type="cond" truecount="0" falsecount="2"/>
      <line num="239" count="0" type="stmt"/>
      <line num="240" count="0" type="cond" truecount="0" falsecount="2"/>
      <line num="241" count="0" type="stmt"/>
      <line num="242" count="0" type="stmt"/>
      <line num="243" count="0" type="stmt"/>
      <line num="248" count="0" type="stmt"/>
      <line num="253" count="1" type="cond" truecount="3" falsecount="1"/>
      <line num="254" count="1" type="stmt"/>
      <line num="258" count="1" type="cond" truecount="1" falsecount="1"/>
      <line num="259" count="0" type="stmt"/>
      <line num="260" count="0" type="stmt"/>
    </file>
  </project>
</coverage>
