{"/Users/kamoliddinnabijonov/Desktop/edu-ai-challenge-2025/7/seabattle.js": {"path":"/Users/kamoliddinnabijonov/Desktop/edu-ai-challenge-2025/7/seabattle.js","statementMap":{"0":{"start":{"line":2,"column":19},"end":{"line":2,"column":21}},"1":{"start":{"line":3,"column":18},"end":{"line":3,"column":19}},"2":{"start":{"line":4,"column":20},"end":{"line":4,"column":21}},"3":{"start":{"line":8,"column":4},"end":{"line":8,"column":31}},"4":{"start":{"line":9,"column":4},"end":{"line":9,"column":48}},"5":{"start":{"line":13,"column":4},"end":{"line":13,"column":49}},"6":{"start":{"line":13,"column":34},"end":{"line":13,"column":47}},"7":{"start":{"line":19,"column":4},"end":{"line":19,"column":80}},"8":{"start":{"line":19,"column":51},"end":{"line":19,"column":78}},"9":{"start":{"line":23,"column":22},"end":{"line":23,"column":24}},"10":{"start":{"line":24,"column":4},"end":{"line":32,"column":5}},"11":{"start":{"line":24,"column":17},"end":{"line":24,"column":18}},"12":{"start":{"line":25,"column":18},"end":{"line":28,"column":7}},"13":{"start":{"line":29,"column":6},"end":{"line":29,"column":63}},"14":{"start":{"line":29,"column":51},"end":{"line":29,"column":63}},"15":{"start":{"line":30,"column":6},"end":{"line":30,"column":59}},"16":{"start":{"line":30,"column":47},"end":{"line":30,"column":59}},"17":{"start":{"line":31,"column":6},"end":{"line":31,"column":45}},"18":{"start":{"line":34,"column":4},"end":{"line":37,"column":7}},"19":{"start":{"line":35,"column":21},"end":{"line":35,"column":46}},"20":{"start":{"line":36,"column":6},"end":{"line":36,"column":28}},"21":{"start":{"line":39,"column":4},"end":{"line":39,"column":21}},"22":{"start":{"line":43,"column":4},"end":{"line":43,"column":72}},"23":{"start":{"line":47,"column":4},"end":{"line":47,"column":30}},"24":{"start":{"line":51,"column":4},"end":{"line":51,"column":30}},"25":{"start":{"line":57,"column":4},"end":{"line":57,"column":29}},"26":{"start":{"line":58,"column":4},"end":{"line":58,"column":20}},"27":{"start":{"line":59,"column":4},"end":{"line":59,"column":29}},"28":{"start":{"line":60,"column":4},"end":{"line":60,"column":30}},"29":{"start":{"line":61,"column":4},"end":{"line":61,"column":33}},"30":{"start":{"line":62,"column":4},"end":{"line":62,"column":26}},"31":{"start":{"line":63,"column":4},"end":{"line":63,"column":23}},"32":{"start":{"line":67,"column":22},"end":{"line":67,"column":23}},"33":{"start":{"line":68,"column":4},"end":{"line":81,"column":5}},"34":{"start":{"line":69,"column":27},"end":{"line":69,"column":46}},"35":{"start":{"line":70,"column":21},"end":{"line":70,"column":77}},"36":{"start":{"line":71,"column":21},"end":{"line":71,"column":77}},"37":{"start":{"line":73,"column":18},"end":{"line":73,"column":52}},"38":{"start":{"line":74,"column":18},"end":{"line":74,"column":52}},"39":{"start":{"line":76,"column":28},"end":{"line":76,"column":72}},"40":{"start":{"line":77,"column":6},"end":{"line":80,"column":7}},"41":{"start":{"line":78,"column":8},"end":{"line":78,"column":49}},"42":{"start":{"line":79,"column":8},"end":{"line":79,"column":22}},"43":{"start":{"line":85,"column":21},"end":{"line":85,"column":35}},"44":{"start":{"line":86,"column":4},"end":{"line":86,"column":97}},"45":{"start":{"line":86,"column":36},"end":{"line":86,"column":97}},"46":{"start":{"line":88,"column":4},"end":{"line":88,"column":31}},"47":{"start":{"line":90,"column":4},"end":{"line":102,"column":5}},"48":{"start":{"line":91,"column":23},"end":{"line":91,"column":55}},"49":{"start":{"line":92,"column":6},"end":{"line":101,"column":7}},"50":{"start":{"line":93,"column":8},"end":{"line":93,"column":36}},"51":{"start":{"line":94,"column":8},"end":{"line":94,"column":37}},"52":{"start":{"line":96,"column":8},"end":{"line":99,"column":9}},"53":{"start":{"line":97,"column":10},"end":{"line":97,"column":26}},"54":{"start":{"line":98,"column":10},"end":{"line":98,"column":56}},"55":{"start":{"line":100,"column":8},"end":{"line":100,"column":55}},"56":{"start":{"line":104,"column":4},"end":{"line":104,"column":34}},"57":{"start":{"line":105,"column":4},"end":{"line":105,"column":52}},"58":{"start":{"line":109,"column":4},"end":{"line":109,"column":38}},"59":{"start":{"line":109,"column":26},"end":{"line":109,"column":38}},"60":{"start":{"line":113,"column":4},"end":{"line":122,"column":41}},"61":{"start":{"line":114,"column":6},"end":{"line":121,"column":7}},"62":{"start":{"line":115,"column":8},"end":{"line":115,"column":44}},"63":{"start":{"line":116,"column":8},"end":{"line":116,"column":62}},"64":{"start":{"line":118,"column":8},"end":{"line":118,"column":58}},"65":{"start":{"line":119,"column":8},"end":{"line":119,"column":58}},"66":{"start":{"line":120,"column":8},"end":{"line":120,"column":44}},"67":{"start":{"line":124,"column":4},"end":{"line":124,"column":44}},"68":{"start":{"line":128,"column":4},"end":{"line":128,"column":33}},"69":{"start":{"line":128,"column":26},"end":{"line":128,"column":33}},"70":{"start":{"line":130,"column":4},"end":{"line":149,"column":5}},"71":{"start":{"line":131,"column":6},"end":{"line":131,"column":27}},"72":{"start":{"line":132,"column":23},"end":{"line":137,"column":7}},"73":{"start":{"line":139,"column":6},"end":{"line":146,"column":7}},"74":{"start":{"line":140,"column":8},"end":{"line":145,"column":9}},"75":{"start":{"line":141,"column":25},"end":{"line":141,"column":47}},"76":{"start":{"line":142,"column":10},"end":{"line":144,"column":11}},"77":{"start":{"line":143,"column":12},"end":{"line":143,"column":42}},"78":{"start":{"line":147,"column":11},"end":{"line":149,"column":5}},"79":{"start":{"line":148,"column":6},"end":{"line":148,"column":25}},"80":{"start":{"line":155,"column":4},"end":{"line":155,"column":31}},"81":{"start":{"line":156,"column":4},"end":{"line":156,"column":37}},"82":{"start":{"line":157,"column":4},"end":{"line":160,"column":7}},"83":{"start":{"line":164,"column":4},"end":{"line":164,"column":37}},"84":{"start":{"line":165,"column":4},"end":{"line":165,"column":39}},"85":{"start":{"line":166,"column":4},"end":{"line":166,"column":44}},"86":{"start":{"line":167,"column":4},"end":{"line":167,"column":61}},"87":{"start":{"line":168,"column":4},"end":{"line":168,"column":26}},"88":{"start":{"line":172,"column":4},"end":{"line":172,"column":75}},"89":{"start":{"line":173,"column":19},"end":{"line":173,"column":75}},"90":{"start":{"line":173,"column":63},"end":{"line":173,"column":64}},"91":{"start":{"line":174,"column":4},"end":{"line":174,"column":43}},"92":{"start":{"line":176,"column":4},"end":{"line":180,"column":5}},"93":{"start":{"line":176,"column":17},"end":{"line":176,"column":18}},"94":{"start":{"line":177,"column":19},"end":{"line":177,"column":105}},"95":{"start":{"line":177,"column":67},"end":{"line":177,"column":92}},"96":{"start":{"line":178,"column":6},"end":{"line":178,"column":66}},"97":{"start":{"line":179,"column":6},"end":{"line":179,"column":26}},"98":{"start":{"line":181,"column":4},"end":{"line":181,"column":22}},"99":{"start":{"line":185,"column":4},"end":{"line":202,"column":7}},"100":{"start":{"line":186,"column":6},"end":{"line":201,"column":9}},"101":{"start":{"line":187,"column":8},"end":{"line":191,"column":9}},"102":{"start":{"line":188,"column":10},"end":{"line":188,"column":69}},"103":{"start":{"line":189,"column":10},"end":{"line":189,"column":24}},"104":{"start":{"line":190,"column":10},"end":{"line":190,"column":17}},"105":{"start":{"line":193,"column":27},"end":{"line":193,"column":55}},"106":{"start":{"line":194,"column":8},"end":{"line":198,"column":9}},"107":{"start":{"line":195,"column":10},"end":{"line":195,"column":89}},"108":{"start":{"line":196,"column":10},"end":{"line":196,"column":24}},"109":{"start":{"line":197,"column":10},"end":{"line":197,"column":17}},"110":{"start":{"line":200,"column":8},"end":{"line":200,"column":30}},"111":{"start":{"line":206,"column":4},"end":{"line":246,"column":5}},"112":{"start":{"line":207,"column":6},"end":{"line":207,"column":25}},"113":{"start":{"line":210,"column":26},"end":{"line":210,"column":53}},"114":{"start":{"line":211,"column":6},"end":{"line":211,"column":33}},"115":{"start":{"line":211,"column":24},"end":{"line":211,"column":33}},"116":{"start":{"line":213,"column":21},"end":{"line":213,"column":81}},"117":{"start":{"line":214,"column":6},"end":{"line":217,"column":7}},"118":{"start":{"line":215,"column":8},"end":{"line":215,"column":36}},"119":{"start":{"line":216,"column":8},"end":{"line":216,"column":17}},"120":{"start":{"line":219,"column":6},"end":{"line":219,"column":63}},"121":{"start":{"line":220,"column":6},"end":{"line":227,"column":7}},"122":{"start":{"line":221,"column":8},"end":{"line":221,"column":53}},"123":{"start":{"line":222,"column":8},"end":{"line":226,"column":9}},"124":{"start":{"line":223,"column":10},"end":{"line":223,"column":84}},"125":{"start":{"line":224,"column":10},"end":{"line":224,"column":29}},"126":{"start":{"line":225,"column":10},"end":{"line":225,"column":16}},"127":{"start":{"line":230,"column":28},"end":{"line":230,"column":61}},"128":{"start":{"line":231,"column":29},"end":{"line":231,"column":91}},"129":{"start":{"line":233,"column":6},"end":{"line":233,"column":77}},"130":{"start":{"line":234,"column":6},"end":{"line":234,"column":65}},"131":{"start":{"line":236,"column":6},"end":{"line":236,"column":96}},"132":{"start":{"line":238,"column":6},"end":{"line":245,"column":7}},"133":{"start":{"line":239,"column":8},"end":{"line":239,"column":49}},"134":{"start":{"line":240,"column":8},"end":{"line":244,"column":9}},"135":{"start":{"line":241,"column":10},"end":{"line":241,"column":81}},"136":{"start":{"line":242,"column":10},"end":{"line":242,"column":29}},"137":{"start":{"line":243,"column":10},"end":{"line":243,"column":16}},"138":{"start":{"line":248,"column":4},"end":{"line":248,"column":26}},"139":{"start":{"line":253,"column":0},"end":{"line":255,"column":1}},"140":{"start":{"line":254,"column":2},"end":{"line":254,"column":49}},"141":{"start":{"line":258,"column":0},"end":{"line":261,"column":1}},"142":{"start":{"line":259,"column":15},"end":{"line":259,"column":25}},"143":{"start":{"line":260,"column":2},"end":{"line":260,"column":20}}},"fnMap":{"0":{"name":"(anonymous_0)","decl":{"start":{"line":7,"column":2},"end":{"line":7,"column":3}},"loc":{"start":{"line":7,"column":30},"end":{"line":10,"column":3}},"line":7},"1":{"name":"(anonymous_1)","decl":{"start":{"line":12,"column":2},"end":{"line":12,"column":3}},"loc":{"start":{"line":12,"column":11},"end":{"line":14,"column":3}},"line":12},"2":{"name":"(anonymous_2)","decl":{"start":{"line":13,"column":27},"end":{"line":13,"column":28}},"loc":{"start":{"line":13,"column":34},"end":{"line":13,"column":47}},"line":13},"3":{"name":"(anonymous_3)","decl":{"start":{"line":18,"column":2},"end":{"line":18,"column":3}},"loc":{"start":{"line":18,"column":16},"end":{"line":20,"column":3}},"line":18},"4":{"name":"(anonymous_4)","decl":{"start":{"line":19,"column":45},"end":{"line":19,"column":46}},"loc":{"start":{"line":19,"column":51},"end":{"line":19,"column":78}},"line":19},"5":{"name":"(anonymous_5)","decl":{"start":{"line":22,"column":2},"end":{"line":22,"column":3}},"loc":{"start":{"line":22,"column":36},"end":{"line":40,"column":3}},"line":22},"6":{"name":"(anonymous_6)","decl":{"start":{"line":34,"column":22},"end":{"line":34,"column":23}},"loc":{"start":{"line":34,"column":29},"end":{"line":37,"column":5}},"line":34},"7":{"name":"(anonymous_7)","decl":{"start":{"line":42,"column":2},"end":{"line":42,"column":3}},"loc":{"start":{"line":42,"column":28},"end":{"line":44,"column":3}},"line":42},"8":{"name":"(anonymous_8)","decl":{"start":{"line":46,"column":2},"end":{"line":46,"column":3}},"loc":{"start":{"line":46,"column":20},"end":{"line":48,"column":3}},"line":46},"9":{"name":"(anonymous_9)","decl":{"start":{"line":50,"column":2},"end":{"line":50,"column":3}},"loc":{"start":{"line":50,"column":21},"end":{"line":52,"column":3}},"line":50},"10":{"name":"(anonymous_10)","decl":{"start":{"line":56,"column":2},"end":{"line":56,"column":3}},"loc":{"start":{"line":56,"column":34},"end":{"line":64,"column":3}},"line":56},"11":{"name":"(anonymous_11)","decl":{"start":{"line":66,"column":2},"end":{"line":66,"column":3}},"loc":{"start":{"line":66,"column":23},"end":{"line":82,"column":3}},"line":66},"12":{"name":"(anonymous_12)","decl":{"start":{"line":84,"column":2},"end":{"line":84,"column":3}},"loc":{"start":{"line":84,"column":25},"end":{"line":106,"column":3}},"line":84},"13":{"name":"(anonymous_13)","decl":{"start":{"line":108,"column":2},"end":{"line":108,"column":3}},"loc":{"start":{"line":108,"column":22},"end":{"line":125,"column":3}},"line":108},"14":{"name":"(anonymous_14)","decl":{"start":{"line":127,"column":2},"end":{"line":127,"column":3}},"loc":{"start":{"line":127,"column":38},"end":{"line":150,"column":3}},"line":127},"15":{"name":"(anonymous_15)","decl":{"start":{"line":154,"column":2},"end":{"line":154,"column":3}},"loc":{"start":{"line":154,"column":16},"end":{"line":161,"column":3}},"line":154},"16":{"name":"(anonymous_16)","decl":{"start":{"line":163,"column":2},"end":{"line":163,"column":3}},"loc":{"start":{"line":163,"column":21},"end":{"line":169,"column":3}},"line":163},"17":{"name":"(anonymous_17)","decl":{"start":{"line":171,"column":2},"end":{"line":171,"column":3}},"loc":{"start":{"line":171,"column":16},"end":{"line":182,"column":3}},"line":171},"18":{"name":"(anonymous_18)","decl":{"start":{"line":173,"column":53},"end":{"line":173,"column":54}},"loc":{"start":{"line":173,"column":63},"end":{"line":173,"column":64}},"line":173},"19":{"name":"(anonymous_19)","decl":{"start":{"line":177,"column":59},"end":{"line":177,"column":60}},"loc":{"start":{"line":177,"column":67},"end":{"line":177,"column":92}},"line":177},"20":{"name":"(anonymous_20)","decl":{"start":{"line":184,"column":2},"end":{"line":184,"column":3}},"loc":{"start":{"line":184,"column":25},"end":{"line":203,"column":3}},"line":184},"21":{"name":"(anonymous_21)","decl":{"start":{"line":185,"column":23},"end":{"line":185,"column":24}},"loc":{"start":{"line":185,"column":34},"end":{"line":202,"column":5}},"line":185},"22":{"name":"(anonymous_22)","decl":{"start":{"line":186,"column":62},"end":{"line":186,"column":63}},"loc":{"start":{"line":186,"column":72},"end":{"line":201,"column":7}},"line":186},"23":{"name":"(anonymous_23)","decl":{"start":{"line":205,"column":2},"end":{"line":205,"column":3}},"loc":{"start":{"line":205,"column":19},"end":{"line":249,"column":3}},"line":205}},"branchMap":{"0":{"loc":{"start":{"line":7,"column":14},"end":{"line":7,"column":28}},"type":"default-arg","locations":[{"start":{"line":7,"column":26},"end":{"line":7,"column":28}}],"line":7},"1":{"loc":{"start":{"line":26,"column":13},"end":{"line":26,"column":41}},"type":"cond-expr","locations":[{"start":{"line":26,"column":28},"end":{"line":26,"column":31}},{"start":{"line":26,"column":34},"end":{"line":26,"column":41}}],"line":26},"2":{"loc":{"start":{"line":27,"column":13},"end":{"line":27,"column":41}},"type":"cond-expr","locations":[{"start":{"line":27,"column":28},"end":{"line":27,"column":35}},{"start":{"line":27,"column":38},"end":{"line":27,"column":41}}],"line":27},"3":{"loc":{"start":{"line":29,"column":6},"end":{"line":29,"column":63}},"type":"if","locations":[{"start":{"line":29,"column":6},"end":{"line":29,"column":63}},{"start":{},"end":{}}],"line":29},"4":{"loc":{"start":{"line":30,"column":6},"end":{"line":30,"column":59}},"type":"if","locations":[{"start":{"line":30,"column":6},"end":{"line":30,"column":59}},{"start":{},"end":{}}],"line":30},"5":{"loc":{"start":{"line":43,"column":11},"end":{"line":43,"column":71}},"type":"binary-expr","locations":[{"start":{"line":43,"column":11},"end":{"line":43,"column":19}},{"start":{"line":43,"column":23},"end":{"line":43,"column":39}},{"start":{"line":43,"column":43},"end":{"line":43,"column":51}},{"start":{"line":43,"column":55},"end":{"line":43,"column":71}}],"line":43},"6":{"loc":{"start":{"line":56,"column":14},"end":{"line":56,"column":32}},"type":"default-arg","locations":[{"start":{"line":56,"column":27},"end":{"line":56,"column":32}}],"line":56},"7":{"loc":{"start":{"line":70,"column":21},"end":{"line":70,"column":77}},"type":"cond-expr","locations":[{"start":{"line":70,"column":36},"end":{"line":70,"column":46}},{"start":{"line":70,"column":49},"end":{"line":70,"column":77}}],"line":70},"8":{"loc":{"start":{"line":71,"column":21},"end":{"line":71,"column":77}},"type":"cond-expr","locations":[{"start":{"line":71,"column":36},"end":{"line":71,"column":64}},{"start":{"line":71,"column":67},"end":{"line":71,"column":77}}],"line":71},"9":{"loc":{"start":{"line":77,"column":6},"end":{"line":80,"column":7}},"type":"if","locations":[{"start":{"line":77,"column":6},"end":{"line":80,"column":7}},{"start":{},"end":{}}],"line":77},"10":{"loc":{"start":{"line":86,"column":4},"end":{"line":86,"column":97}},"type":"if","locations":[{"start":{"line":86,"column":4},"end":{"line":86,"column":97}},{"start":{},"end":{}}],"line":86},"11":{"loc":{"start":{"line":92,"column":6},"end":{"line":101,"column":7}},"type":"if","locations":[{"start":{"line":92,"column":6},"end":{"line":101,"column":7}},{"start":{},"end":{}}],"line":92},"12":{"loc":{"start":{"line":96,"column":8},"end":{"line":99,"column":9}},"type":"if","locations":[{"start":{"line":96,"column":8},"end":{"line":99,"column":9}},{"start":{},"end":{}}],"line":96},"13":{"loc":{"start":{"line":109,"column":4},"end":{"line":109,"column":38}},"type":"if","locations":[{"start":{"line":109,"column":4},"end":{"line":109,"column":38}},{"start":{},"end":{}}],"line":109},"14":{"loc":{"start":{"line":114,"column":6},"end":{"line":121,"column":7}},"type":"if","locations":[{"start":{"line":114,"column":6},"end":{"line":121,"column":7}},{"start":{"line":117,"column":13},"end":{"line":121,"column":7}}],"line":114},"15":{"loc":{"start":{"line":114,"column":10},"end":{"line":114,"column":63}},"type":"binary-expr","locations":[{"start":{"line":114,"column":10},"end":{"line":114,"column":32}},{"start":{"line":114,"column":36},"end":{"line":114,"column":63}}],"line":114},"16":{"loc":{"start":{"line":128,"column":4},"end":{"line":128,"column":33}},"type":"if","locations":[{"start":{"line":128,"column":4},"end":{"line":128,"column":33}},{"start":{},"end":{}}],"line":128},"17":{"loc":{"start":{"line":130,"column":4},"end":{"line":149,"column":5}},"type":"if","locations":[{"start":{"line":130,"column":4},"end":{"line":149,"column":5}},{"start":{"line":147,"column":11},"end":{"line":149,"column":5}}],"line":130},"18":{"loc":{"start":{"line":140,"column":8},"end":{"line":145,"column":9}},"type":"if","locations":[{"start":{"line":140,"column":8},"end":{"line":145,"column":9}},{"start":{},"end":{}}],"line":140},"19":{"loc":{"start":{"line":142,"column":10},"end":{"line":144,"column":11}},"type":"if","locations":[{"start":{"line":142,"column":10},"end":{"line":144,"column":11}},{"start":{},"end":{}}],"line":142},"20":{"loc":{"start":{"line":142,"column":14},"end":{"line":142,"column":77}},"type":"binary-expr","locations":[{"start":{"line":142,"column":14},"end":{"line":142,"column":39}},{"start":{"line":142,"column":43},"end":{"line":142,"column":77}}],"line":142},"21":{"loc":{"start":{"line":147,"column":11},"end":{"line":149,"column":5}},"type":"if","locations":[{"start":{"line":147,"column":11},"end":{"line":149,"column":5}},{"start":{},"end":{}}],"line":147},"22":{"loc":{"start":{"line":177,"column":67},"end":{"line":177,"column":92}},"type":"cond-expr","locations":[{"start":{"line":177,"column":82},"end":{"line":177,"column":85}},{"start":{"line":177,"column":88},"end":{"line":177,"column":92}}],"line":177},"23":{"loc":{"start":{"line":187,"column":8},"end":{"line":191,"column":9}},"type":"if","locations":[{"start":{"line":187,"column":8},"end":{"line":191,"column":9}},{"start":{},"end":{}}],"line":187},"24":{"loc":{"start":{"line":187,"column":12},"end":{"line":187,"column":42}},"type":"binary-expr","locations":[{"start":{"line":187,"column":12},"end":{"line":187,"column":19}},{"start":{"line":187,"column":23},"end":{"line":187,"column":42}}],"line":187},"25":{"loc":{"start":{"line":194,"column":8},"end":{"line":198,"column":9}},"type":"if","locations":[{"start":{"line":194,"column":8},"end":{"line":198,"column":9}},{"start":{},"end":{}}],"line":194},"26":{"loc":{"start":{"line":211,"column":6},"end":{"line":211,"column":33}},"type":"if","locations":[{"start":{"line":211,"column":6},"end":{"line":211,"column":33}},{"start":{},"end":{}}],"line":211},"27":{"loc":{"start":{"line":214,"column":6},"end":{"line":217,"column":7}},"type":"if","locations":[{"start":{"line":214,"column":6},"end":{"line":217,"column":7}},{"start":{},"end":{}}],"line":214},"28":{"loc":{"start":{"line":219,"column":18},"end":{"line":219,"column":61}},"type":"cond-expr","locations":[{"start":{"line":219,"column":31},"end":{"line":219,"column":44}},{"start":{"line":219,"column":47},"end":{"line":219,"column":61}}],"line":219},"29":{"loc":{"start":{"line":220,"column":6},"end":{"line":227,"column":7}},"type":"if","locations":[{"start":{"line":220,"column":6},"end":{"line":227,"column":7}},{"start":{},"end":{}}],"line":220},"30":{"loc":{"start":{"line":222,"column":8},"end":{"line":226,"column":9}},"type":"if","locations":[{"start":{"line":222,"column":8},"end":{"line":226,"column":9}},{"start":{},"end":{}}],"line":222},"31":{"loc":{"start":{"line":234,"column":18},"end":{"line":234,"column":63}},"type":"cond-expr","locations":[{"start":{"line":234,"column":39},"end":{"line":234,"column":49}},{"start":{"line":234,"column":52},"end":{"line":234,"column":63}}],"line":234},"32":{"loc":{"start":{"line":238,"column":6},"end":{"line":245,"column":7}},"type":"if","locations":[{"start":{"line":238,"column":6},"end":{"line":245,"column":7}},{"start":{},"end":{}}],"line":238},"33":{"loc":{"start":{"line":240,"column":8},"end":{"line":244,"column":9}},"type":"if","locations":[{"start":{"line":240,"column":8},"end":{"line":244,"column":9}},{"start":{},"end":{}}],"line":240},"34":{"loc":{"start":{"line":253,"column":0},"end":{"line":255,"column":1}},"type":"if","locations":[{"start":{"line":253,"column":0},"end":{"line":255,"column":1}},{"start":{},"end":{}}],"line":253},"35":{"loc":{"start":{"line":253,"column":4},"end":{"line":253,"column":51}},"type":"binary-expr","locations":[{"start":{"line":253,"column":4},"end":{"line":253,"column":33}},{"start":{"line":253,"column":37},"end":{"line":253,"column":51}}],"line":253},"36":{"loc":{"start":{"line":258,"column":0},"end":{"line":261,"column":1}},"type":"if","locations":[{"start":{"line":258,"column":0},"end":{"line":261,"column":1}},{"start":{},"end":{}}],"line":258}},"s":{"0":1,"1":1,"2":1,"3":9,"4":9,"5":6,"6":14,"7":25,"8":250,"9":11,"10":11,"11":11,"12":31,"13":31,"14":1,"15":30,"16":1,"17":29,"18":9,"19":27,"20":27,"21":9,"22":40,"23":5,"24":3,"25":18,"26":18,"27":18,"28":18,"29":18,"30":18,"31":18,"32":1,"33":1,"34":3,"35":3,"36":3,"37":3,"38":3,"39":3,"40":3,"41":3,"42":3,"43":7,"44":7,"45":1,"46":6,"47":6,"48":5,"49":5,"50":4,"51":4,"52":4,"53":1,"54":1,"55":3,"56":2,"57":2,"58":1,"59":0,"60":1,"61":1,"62":0,"63":0,"64":1,"65":1,"66":1,"67":1,"68":2,"69":0,"70":2,"71":1,"72":1,"73":1,"74":4,"75":4,"76":4,"77":4,"78":1,"79":1,"80":0,"81":0,"82":0,"83":0,"84":0,"85":0,"86":0,"87":0,"88":0,"89":0,"90":0,"91":0,"92":0,"93":0,"94":0,"95":0,"96":0,"97":0,"98":0,"99":0,"100":0,"101":0,"102":0,"103":0,"104":0,"105":0,"106":0,"107":0,"108":0,"109":0,"110":0,"111":0,"112":0,"113":0,"114":0,"115":0,"116":0,"117":0,"118":0,"119":0,"120":0,"121":0,"122":0,"123":0,"124":0,"125":0,"126":0,"127":0,"128":0,"129":0,"130":0,"131":0,"132":0,"133":0,"134":0,"135":0,"136":0,"137":0,"138":0,"139":1,"140":1,"141":1,"142":0,"143":0},"f":{"0":9,"1":6,"2":14,"3":25,"4":250,"5":11,"6":27,"7":40,"8":5,"9":3,"10":18,"11":1,"12":7,"13":1,"14":2,"15":0,"16":0,"17":0,"18":0,"19":0,"20":0,"21":0,"22":0,"23":0},"b":{"0":[0],"1":[21,10],"2":[21,10],"3":[1,30],"4":[1,29],"5":[40,39,39,39],"6":[9],"7":[1,2],"8":[1,2],"9":[3,0],"10":[1,6],"11":[4,1],"12":[1,3],"13":[0,1],"14":[0,1],"15":[1,0],"16":[0,2],"17":[1,1],"18":[4,0],"19":[4,0],"20":[4,4],"21":[1,0],"22":[0,0],"23":[0,0],"24":[0,0],"25":[0,0],"26":[0,0],"27":[0,0],"28":[0,0],"29":[0,0],"30":[0,0],"31":[0,0],"32":[0,0],"33":[0,0],"34":[1,0],"35":[1,1],"36":[0,1]},"_coverageSchema":"1a1c01bbd47fc00a2c39e90264f33305004495a9","hash":"583d587c2e8c1b6a6759e00c9cedc50a0033844b"}
}
