TN:
SF:seabattle.js
FN:7,(anonymous_0)
FN:12,(anonymous_1)
FN:13,(anonymous_2)
FN:18,(anonymous_3)
FN:19,(anonymous_4)
FN:22,(anonymous_5)
FN:34,(anonymous_6)
FN:42,(anonymous_7)
FN:46,(anonymous_8)
FN:50,(anonymous_9)
FN:56,(anonymous_10)
FN:66,(anonymous_11)
FN:84,(anonymous_12)
FN:108,(anonymous_13)
FN:127,(anonymous_14)
FN:154,(anonymous_15)
FN:163,(anonymous_16)
FN:171,(anonymous_17)
FN:173,(anonymous_18)
FN:177,(anonymous_19)
FN:184,(anonymous_20)
FN:185,(anonymous_21)
FN:186,(anonymous_22)
FN:205,(anonymous_23)
FNF:24
FNH:15
FNDA:9,(anonymous_0)
FNDA:6,(anonymous_1)
FNDA:14,(anonymous_2)
FNDA:25,(anonymous_3)
FNDA:250,(anonymous_4)
FNDA:11,(anonymous_5)
FNDA:27,(anonymous_6)
FNDA:40,(anonymous_7)
FNDA:5,(anonymous_8)
FNDA:3,(anonymous_9)
FNDA:18,(anonymous_10)
FNDA:1,(anonymous_11)
FNDA:7,(anonymous_12)
FNDA:1,(anonymous_13)
FNDA:2,(anonymous_14)
FNDA:0,(anonymous_15)
FNDA:0,(anonymous_16)
FNDA:0,(anonymous_17)
FNDA:0,(anonymous_18)
FNDA:0,(anonymous_19)
FNDA:0,(anonymous_20)
FNDA:0,(anonymous_21)
FNDA:0,(anonymous_22)
FNDA:0,(anonymous_23)
DA:2,1
DA:3,1
DA:4,1
DA:8,9
DA:9,9
DA:13,14
DA:19,250
DA:23,11
DA:24,11
DA:25,31
DA:29,31
DA:30,30
DA:31,29
DA:34,9
DA:35,27
DA:36,27
DA:39,9
DA:43,40
DA:47,5
DA:51,3
DA:57,18
DA:58,18
DA:59,18
DA:60,18
DA:61,18
DA:62,18
DA:63,18
DA:67,1
DA:68,1
DA:69,3
DA:70,3
DA:71,3
DA:73,3
DA:74,3
DA:76,3
DA:77,3
DA:78,3
DA:79,3
DA:85,7
DA:86,7
DA:88,6
DA:90,6
DA:91,5
DA:92,5
DA:93,4
DA:94,4
DA:96,4
DA:97,1
DA:98,1
DA:100,3
DA:104,2
DA:105,2
DA:109,1
DA:113,1
DA:114,1
DA:115,0
DA:116,0
DA:118,1
DA:119,1
DA:120,1
DA:124,1
DA:128,2
DA:130,2
DA:131,1
DA:132,1
DA:139,1
DA:140,4
DA:141,4
DA:142,4
DA:143,4
DA:147,1
DA:148,1
DA:155,0
DA:156,0
DA:157,0
DA:164,0
DA:165,0
DA:166,0
DA:167,0
DA:168,0
DA:172,0
DA:173,0
DA:174,0
DA:176,0
DA:177,0
DA:178,0
DA:179,0
DA:181,0
DA:185,0
DA:186,0
DA:187,0
DA:188,0
DA:189,0
DA:190,0
DA:193,0
DA:194,0
DA:195,0
DA:196,0
DA:197,0
DA:200,0
DA:206,0
DA:207,0
DA:210,0
DA:211,0
DA:213,0
DA:214,0
DA:215,0
DA:216,0
DA:219,0
DA:220,0
DA:221,0
DA:222,0
DA:223,0
DA:224,0
DA:225,0
DA:230,0
DA:231,0
DA:233,0
DA:234,0
DA:236,0
DA:238,0
DA:239,0
DA:240,0
DA:241,0
DA:242,0
DA:243,0
DA:248,0
DA:253,1
DA:254,1
DA:258,1
DA:259,0
DA:260,0
LF:132
LH:73
BRDA:7,0,0,0
BRDA:26,1,0,21
BRDA:26,1,1,10
BRDA:27,2,0,21
BRDA:27,2,1,10
BRDA:29,3,0,1
BRDA:29,3,1,30
BRDA:30,4,0,1
BRDA:30,4,1,29
BRDA:43,5,0,40
BRDA:43,5,1,39
BRDA:43,5,2,39
BRDA:43,5,3,39
BRDA:56,6,0,9
BRDA:70,7,0,1
BRDA:70,7,1,2
BRDA:71,8,0,1
BRDA:71,8,1,2
BRDA:77,9,0,3
BRDA:77,9,1,0
BRDA:86,10,0,1
BRDA:86,10,1,6
BRDA:92,11,0,4
BRDA:92,11,1,1
BRDA:96,12,0,1
BRDA:96,12,1,3
BRDA:109,13,0,0
BRDA:109,13,1,1
BRDA:114,14,0,0
BRDA:114,14,1,1
BRDA:114,15,0,1
BRDA:114,15,1,0
BRDA:128,16,0,0
BRDA:128,16,1,2
BRDA:130,17,0,1
BRDA:130,17,1,1
BRDA:140,18,0,4
BRDA:140,18,1,0
BRDA:142,19,0,4
BRDA:142,19,1,0
BRDA:142,20,0,4
BRDA:142,20,1,4
BRDA:147,21,0,1
BRDA:147,21,1,0
BRDA:177,22,0,0
BRDA:177,22,1,0
BRDA:187,23,0,0
BRDA:187,23,1,0
BRDA:187,24,0,0
BRDA:187,24,1,0
BRDA:194,25,0,0
BRDA:194,25,1,0
BRDA:211,26,0,0
BRDA:211,26,1,0
BRDA:214,27,0,0
BRDA:214,27,1,0
BRDA:219,28,0,0
BRDA:219,28,1,0
BRDA:220,29,0,0
BRDA:220,29,1,0
BRDA:222,30,0,0
BRDA:222,30,1,0
BRDA:234,31,0,0
BRDA:234,31,1,0
BRDA:238,32,0,0
BRDA:238,32,1,0
BRDA:240,33,0,0
BRDA:240,33,1,0
BRDA:253,34,0,1
BRDA:253,34,1,0
BRDA:253,35,0,1
BRDA:253,35,1,1
BRDA:258,36,0,0
BRDA:258,36,1,1
BRF:74
BRH:39
end_of_record
